<?xml version="1.0" encoding="UTF-8"?>
<testsuite xmlns:xsi="http://www.w3.org/2001/XMLSchema-instance" xsi:noNamespaceSchemaLocation="https://maven.apache.org/surefire/maven-surefire-plugin/xsd/surefire-test-report.xsd" name="unam.ciencias.modeladoyprogramacion.raytracer.materials.MetalMaterialStrategyTest" time="0.012" tests="11" errors="0" skipped="0" failures="0">
  <properties>
[...]
</properties>
  <testcase name="constructor_clampsFuzziness" classname="unam.ciencias.modeladoyprogramacion.raytracer.materials.MetalMaterialStrategyTest" time="0.005"/>
  <testcase name="constructor_createsValidMaterial" classname="unam.ciencias.modeladoyprogramacion.raytracer.materials.MetalMaterialStrategyTest" time="0"/>
  <testcase name="getters_returnCorrectValues" classname="unam.ciencias.modeladoyprogramacion.raytracer.materials.MetalMaterialStrategyTest" time="0"/>
  <testcase name="constructor_throwsOnNullColor" classname="unam.ciencias.modeladoyprogramacion.raytracer.materials.MetalMaterialStrategyTest" time="0.001"/>
  <testcase name="scatter_returnsBackgroundWhenMaxDepth" classname="unam.ciencias.modeladoyprogramacion.raytracer.materials.MetalMaterialStrategyTest" time="0.001"/>
  <testcase name="constructor_clampsReflectivity" classname="unam.ciencias.modeladoyprogramacion.raytracer.materials.MetalMaterialStrategyTest" time="0"/>
  <testcase name="scatter_worksWithZeroReflectivity" classname="unam.ciencias.modeladoyprogramacion.raytracer.materials.MetalMaterialStrategyTest" time="0.001"/>
  <testcase name="scatter_noReflectionHit_returnsBackground" classname="unam.ciencias.modeladoyprogramacion.raytracer.materials.MetalMaterialStrategyTest" time="0.001"/>
  <testcase name="scatter_withHighFuzziness_stillConverges" classname="unam.ciencias.modeladoyprogramacion.raytracer.materials.MetalMaterialStrategyTest" time="0.001"/>
  <testcase name="scatter_withFuzziness_affectsReflection" classname="unam.ciencias.modeladoyprogramacion.raytracer.materials.MetalMaterialStrategyTest" time="0"/>
  <testcase name="scatter_handlesReflection" classname="unam.ciencias.modeladoyprogramacion.raytracer.materials.MetalMaterialStrategyTest" time="0"/>
</testsuite>