-------------------------------------------------------------------------------
Test set: unam.ciencias.modeladoyprogramacion.raytracer.matrixaddition.MatrixAdditionInputReaderImplTest
-------------------------------------------------------------------------------
Tests run: 3, Failures: 0, Errors: 0, Skipped: 0, Time elapsed: 0.006 s - in unam.ciencias.modeladoyprogramacion.raytracer.matrixaddition.MatrixAdditionInputReaderImplTest
read_incompleteInput_throws  Time elapsed: 0 s
read_validInput_parsesMatrices  Time elapsed: 0.004 s
read_handlesWhitespaceAndNegatives  Time elapsed: 0.001 s
