-------------------------------------------------------------------------------
Test set: unam.ciencias.modeladoyprogramacion.raytracer.IntersectionTest
-------------------------------------------------------------------------------
Tests run: 8, Failures: 0, Errors: 0, Skipped: 0, Time elapsed: 0.008 s - in unam.ciencias.modeladoyprogramacion.raytracer.IntersectionTest
constructor_createsValidIntersection  Time elapsed: 0.001 s
constructor_throwsOnNullPoint  Time elapsed: 0.003 s
constructor_throwsOnNegativeDistance  Time elapsed: 0 s
equals_returnsFalseForDifferentClass  Time elapsed: 0 s
equals_returnsFalseForNull  Time elapsed: 0 s
constructor_normalizesNormal  Time elapsed: 0 s
constructor_throwsOnNullPrimitive  Time elapsed: 0 s
constructor_throwsOnNullNormal  Time elapsed: 0 s
