-------------------------------------------------------------------------------
Test set: unam.ciencias.modeladoyprogramacion.raytracer.PlaneTest
-------------------------------------------------------------------------------
Tests run: 9, Failures: 0, Errors: 0, Skipped: 0, Time elapsed: 0.012 s - in unam.ciencias.modeladoyprogramacion.raytracer.PlaneTest
getNormalAt_returnsConstantNormal  Time elapsed: 0.002 s
constructor_throwsOnNullPoint  Time elapsed: 0.003 s
constructor_createsValidPlane  Time elapsed: 0 s
intersect_returnsEmptyWhenRayParallel  Time elapsed: 0.001 s
intersect_returnsDistanceWhenRayHits  Time elapsed: 0 s
constructor_normalizesNormalVector  Time elapsed: 0.001 s
intersect_returnsEmptyWhenIntersectionBehindRay  Time elapsed: 0 s
intersect_worksForAngledRay  Time elapsed: 0.001 s
constructor_throwsOnNullNormal  Time elapsed: 0.001 s
