-------------------------------------------------------------------------------
Test set: unam.ciencias.modeladoyprogramacion.raytracer.PointLightTest
-------------------------------------------------------------------------------
Tests run: 9, Failures: 0, Errors: 0, Skipped: 0, Time elapsed: 0.009 s - in unam.ciencias.modeladoyprogramacion.raytracer.PointLightTest
getDistanceFrom_handlesArbitraryPoints  Time elapsed: 0 s
getDirectionFrom_returnsNormalizedDirection  Time elapsed: 0 s
constructor_createsValidPointLight  Time elapsed: 0 s
constructor_throwsOnNullColor  Time elapsed: 0 s
constructor_throwsOnNullPosition  Time elapsed: 0 s
getDistanceFrom_throwsOnNullPoint  Time elapsed: 0.002 s
getDistanceFrom_returnsCorrectDistance  Time elapsed: 0.001 s
getDirectionFrom_throwsOnNullPoint  Time elapsed: 0.003 s
constructor_throwsOnNegativeIntensity  Time elapsed: 0.001 s
