-------------------------------------------------------------------------------
Test set: unam.ciencias.modeladoyprogramacion.raytracer.matrixaddition.MatrixAdditionOutputFormatterImplTest
-------------------------------------------------------------------------------
Tests run: 3, Failures: 0, Errors: 0, Skipped: 0, Time elapsed: 0.003 s - in unam.ciencias.modeladoyprogramacion.raytracer.matrixaddition.MatrixAdditionOutputFormatterImplTest
format_singleElementMatrix  Time elapsed: 0 s
format_handlesNegativesAndSpacing  Time elapsed: 0.001 s
format_formatsRectangularMatrix  Time elapsed: 0 s
